<?xml version="1.0" encoding="UTF-8"?>
<!-- Generated by org.testng.reporters.JUnitXMLReporter -->
<testsuite ignored="0" hostname="ANUPAMAs-MBP" failures="0" tests="4" name="Test" time="50.506" errors="0" timestamp="2020-04-25T13:01:59 SGT">
  <testcase classname="Academy.validateNavigationBar" name="basePageNavigation" time="0.05"/>
  <testcase classname="Academy.HomePage" name="basePageNavigation" time="20.483"/>
  <testcase classname="Academy.HomePage" name="basePageNavigation" time="8.808"/>
  <testcase classname="Academy.validateTitle" name="basePageNavigation" time="0.022"/>
</testsuite> <!-- Test -->
