<?xml version="1.0" encoding="UTF-8"?>
<!-- Generated by org.testng.reporters.JUnitXMLReporter -->
<testsuite ignored="0" hostname="ANUPAMAs-MBP" failures="1" tests="1" name="Validating navigation bar" time="10.649" errors="0" timestamp="2020-04-26T09:36:03 SGT">
  <testcase classname="Academy.validateNavigationBar" name="basePageNavigation" time="0.078">
    <failure type="java.lang.AssertionError" message="expected [false] but found [true]">
      <![CDATA[java.lang.AssertionError: expected [false] but found [true]
at Academy.validateNavigationBar.basePageNavigation(validateNavigationBar.java:28)
at java.base/java.util.ArrayList.forEach(ArrayList.java:1507)
... Removed 35 stack frames]]>
    </failure>
  </testcase> <!-- basePageNavigation -->
</testsuite> <!-- Validating navigation bar -->
