<?xml version="1.0" encoding="UTF-8"?>
<testng-results ignored="0" total="4" passed="3" failed="1" skipped="0">
  <reporter-output>
  </reporter-output>
  <suite started-at="2020-04-24T10:12:20 SGT" name="Suite" finished-at="2020-04-24T10:13:20 SGT" duration-ms="59292">
    <groups>
    </groups>
    <test started-at="2020-04-24T10:12:20 SGT" name="Test" finished-at="2020-04-24T10:13:20 SGT" duration-ms="59292">
      <class name="Academy.validateTitle">
        <test-method is-config="true" signature="initialize()[pri:0, instance:Academy.validateTitle@6a472554]" started-at="2020-04-24T10:12:47 SGT" name="initialize" finished-at="2020-04-24T10:13:01 SGT" duration-ms="13720" status="PASS">
          <reporter-output>
          </reporter-output>
        </test-method> <!-- initialize -->
        <test-method signature="basePageNavigation()[pri:0, instance:Academy.validateTitle@6a472554]" started-at="2020-04-24T10:13:19 SGT" name="basePageNavigation" finished-at="2020-04-24T10:13:19 SGT" duration-ms="23" status="PASS">
          <reporter-output>
          </reporter-output>
        </test-method> <!-- basePageNavigation -->
        <test-method is-config="true" signature="tearDown()[pri:0, instance:Academy.validateTitle@6a472554]" started-at="2020-04-24T10:13:20 SGT" name="tearDown" finished-at="2020-04-24T10:13:20 SGT" duration-ms="85" status="PASS">
          <reporter-output>
          </reporter-output>
        </test-method> <!-- tearDown -->
      </class> <!-- Academy.validateTitle -->
      <class name="Academy.HomePage">
        <test-method is-config="true" signature="initialize()[pri:0, instance:Academy.HomePage@3d36e4cd]" started-at="2020-04-24T10:12:20 SGT" name="initialize" finished-at="2020-04-24T10:12:34 SGT" duration-ms="13470" status="PASS">
          <reporter-output>
          </reporter-output>
        </test-method> <!-- initialize -->
        <test-method signature="basePageNavigation(java.lang.String, java.lang.String)[pri:0, instance:Academy.HomePage@3d36e4cd]" started-at="2020-04-24T10:13:01 SGT" name="basePageNavigation" data-provider="getData" finished-at="2020-04-24T10:13:09 SGT" duration-ms="8212" status="PASS">
          <params>
            <param index="0">
              <value>
                <![CDATA[nonrestricteduser@qw.com]]>
              </value>
            </param>
            <param index="1">
              <value>
                <![CDATA[123456]]>
              </value>
            </param>
          </params>
          <reporter-output>
          </reporter-output>
        </test-method> <!-- basePageNavigation -->
        <test-method signature="basePageNavigation(java.lang.String, java.lang.String)[pri:0, instance:Academy.HomePage@3d36e4cd]" started-at="2020-04-24T10:13:09 SGT" name="basePageNavigation" data-provider="getData" finished-at="2020-04-24T10:13:19 SGT" duration-ms="10071" status="FAIL">
          <params>
            <param index="0">
              <value>
                <![CDATA[restricteduser@qw.com]]>
              </value>
            </param>
            <param index="1">
              <value>
                <![CDATA[456788]]>
              </value>
            </param>
          </params>
          <exception class="org.openqa.selenium.NoSuchElementException">
            <message>
              <![CDATA[no such element: Unable to locate element: {"method":"css selector","selector":"a[href*='sign_in']"}
  (Session info: chrome=81.0.4044.122)
For documentation on this error, please visit: https://www.seleniumhq.org/exceptions/no_such_element.html
Build info: version: '3.141.59', revision: 'e82be7d358', time: '2018-11-14T08:17:03'
System info: host: 'ANUPAMAs-MBP', ip: 'fe80:0:0:0:876:d17d:d3c0:9b1a%en0', os.name: 'Mac OS X', os.arch: 'x86_64', os.version: '10.13.6', java.version: '13.0.2'
Driver info: org.openqa.selenium.chrome.ChromeDriver
Capabilities {acceptInsecureCerts: false, browserName: chrome, browserVersion: 81.0.4044.122, chrome: {chromedriverVersion: 81.0.4044.69 (6813546031a4b..., userDataDir: /var/folders/m_/9km986zd2d3...}, goog:chromeOptions: {debuggerAddress: localhost:51312}, javascriptEnabled: true, networkConnectionEnabled: false, pageLoadStrategy: normal, platform: MAC, platformName: MAC, proxy: Proxy(), setWindowRect: true, strictFileInteractability: false, timeouts: {implicit: 0, pageLoad: 300000, script: 30000}, unhandledPromptBehavior: dismiss and notify, webauthn:virtualAuthenticators: true}
Session ID: eb7e25d24e919972ddfe1fba5f383781
*** Element info: {Using=css selector, value=a[href*='sign_in']}]]>
            </message>
            <full-stacktrace>
              <![CDATA[org.openqa.selenium.NoSuchElementException: no such element: Unable to locate element: {"method":"css selector","selector":"a[href*='sign_in']"}
  (Session info: chrome=81.0.4044.122)
For documentation on this error, please visit: https://www.seleniumhq.org/exceptions/no_such_element.html
Build info: version: '3.141.59', revision: 'e82be7d358', time: '2018-11-14T08:17:03'
System info: host: 'ANUPAMAs-MBP', ip: 'fe80:0:0:0:876:d17d:d3c0:9b1a%en0', os.name: 'Mac OS X', os.arch: 'x86_64', os.version: '10.13.6', java.version: '13.0.2'
Driver info: org.openqa.selenium.chrome.ChromeDriver
Capabilities {acceptInsecureCerts: false, browserName: chrome, browserVersion: 81.0.4044.122, chrome: {chromedriverVersion: 81.0.4044.69 (6813546031a4b..., userDataDir: /var/folders/m_/9km986zd2d3...}, goog:chromeOptions: {debuggerAddress: localhost:51312}, javascriptEnabled: true, networkConnectionEnabled: false, pageLoadStrategy: normal, platform: MAC, platformName: MAC, proxy: Proxy(), setWindowRect: true, strictFileInteractability: false, timeouts: {implicit: 0, pageLoad: 300000, script: 30000}, unhandledPromptBehavior: dismiss and notify, webauthn:virtualAuthenticators: true}
Session ID: eb7e25d24e919972ddfe1fba5f383781
*** Element info: {Using=css selector, value=a[href*='sign_in']}
at java.base/jdk.internal.reflect.NativeConstructorAccessorImpl.newInstance0(Native Method)
at java.base/jdk.internal.reflect.NativeConstructorAccessorImpl.newInstance(NativeConstructorAccessorImpl.java:62)
at java.base/jdk.internal.reflect.DelegatingConstructorAccessorImpl.newInstance(DelegatingConstructorAccessorImpl.java:45)
at java.base/java.lang.reflect.Constructor.newInstanceWithCaller(Constructor.java:500)
at java.base/java.lang.reflect.Constructor.newInstance(Constructor.java:481)
at org.openqa.selenium.remote.http.W3CHttpResponseCodec.createException(W3CHttpResponseCodec.java:187)
at org.openqa.selenium.remote.http.W3CHttpResponseCodec.decode(W3CHttpResponseCodec.java:122)
at org.openqa.selenium.remote.http.W3CHttpResponseCodec.decode(W3CHttpResponseCodec.java:49)
at org.openqa.selenium.remote.HttpCommandExecutor.execute(HttpCommandExecutor.java:158)
at org.openqa.selenium.remote.service.DriverCommandExecutor.execute(DriverCommandExecutor.java:83)
at org.openqa.selenium.remote.RemoteWebDriver.execute(RemoteWebDriver.java:552)
at org.openqa.selenium.remote.RemoteWebDriver.findElement(RemoteWebDriver.java:323)
at org.openqa.selenium.remote.RemoteWebDriver.findElementByCssSelector(RemoteWebDriver.java:420)
at org.openqa.selenium.By$ByCssSelector.findElement(By.java:431)
at org.openqa.selenium.remote.RemoteWebDriver.findElement(RemoteWebDriver.java:315)
at pageObjects.LandingPage.getLogin(LandingPage.java:19)
at Academy.HomePage.basePageNavigation(HomePage.java:25)
at java.base/jdk.internal.reflect.NativeMethodAccessorImpl.invoke0(Native Method)
at java.base/jdk.internal.reflect.NativeMethodAccessorImpl.invoke(NativeMethodAccessorImpl.java:62)
at java.base/jdk.internal.reflect.DelegatingMethodAccessorImpl.invoke(DelegatingMethodAccessorImpl.java:43)
at java.base/java.lang.reflect.Method.invoke(Method.java:567)
at org.testng.internal.MethodInvocationHelper.invokeMethod(MethodInvocationHelper.java:134)
at org.testng.internal.TestInvoker.invokeMethod(TestInvoker.java:597)
at org.testng.internal.TestInvoker.invokeTestMethod(TestInvoker.java:173)
at org.testng.internal.MethodRunner.runInSequence(MethodRunner.java:46)
at org.testng.internal.TestInvoker$MethodInvocationAgent.invoke(TestInvoker.java:816)
at org.testng.internal.TestInvoker.invokeTestMethods(TestInvoker.java:146)
at org.testng.internal.TestMethodWorker.invokeTestMethods(TestMethodWorker.java:146)
at org.testng.internal.TestMethodWorker.run(TestMethodWorker.java:128)
at java.base/java.util.ArrayList.forEach(ArrayList.java:1507)
at org.testng.TestRunner.privateRun(TestRunner.java:766)
at org.testng.TestRunner.run(TestRunner.java:587)
at org.testng.SuiteRunner.runTest(SuiteRunner.java:384)
at org.testng.SuiteRunner.runSequentially(SuiteRunner.java:378)
at org.testng.SuiteRunner.privateRun(SuiteRunner.java:337)
at org.testng.SuiteRunner.run(SuiteRunner.java:286)
at org.testng.SuiteRunnerWorker.runSuite(SuiteRunnerWorker.java:53)
at org.testng.SuiteRunnerWorker.run(SuiteRunnerWorker.java:96)
at org.testng.TestNG.runSuitesSequentially(TestNG.java:1187)
at org.testng.TestNG.runSuitesLocally(TestNG.java:1109)
at org.testng.TestNG.runSuites(TestNG.java:1039)
at org.testng.TestNG.run(TestNG.java:1007)
at org.apache.maven.surefire.testng.TestNGExecutor.run(TestNGExecutor.java:283)
at org.apache.maven.surefire.testng.TestNGXmlTestSuite.execute(TestNGXmlTestSuite.java:75)
at org.apache.maven.surefire.testng.TestNGProvider.invoke(TestNGProvider.java:120)
at org.apache.maven.surefire.booter.ForkedBooter.runSuitesInProcess(ForkedBooter.java:377)
at org.apache.maven.surefire.booter.ForkedBooter.execute(ForkedBooter.java:138)
at org.apache.maven.surefire.booter.ForkedBooter.run(ForkedBooter.java:465)
at org.apache.maven.surefire.booter.ForkedBooter.main(ForkedBooter.java:451)
]]>
            </full-stacktrace>
          </exception> <!-- org.openqa.selenium.NoSuchElementException -->
          <reporter-output>
          </reporter-output>
        </test-method> <!-- basePageNavigation -->
        <test-method is-config="true" signature="tearDown()[pri:0, instance:Academy.HomePage@3d36e4cd]" started-at="2020-04-24T10:13:19 SGT" name="tearDown" finished-at="2020-04-24T10:13:19 SGT" duration-ms="91" status="PASS">
          <reporter-output>
          </reporter-output>
        </test-method> <!-- tearDown -->
      </class> <!-- Academy.HomePage -->
      <class name="Academy.validateNavigationBar">
        <test-method is-config="true" signature="initialize()[pri:0, instance:Academy.validateNavigationBar@709ba3fb]" started-at="2020-04-24T10:12:34 SGT" name="initialize" finished-at="2020-04-24T10:12:47 SGT" duration-ms="13413" status="PASS">
          <reporter-output>
          </reporter-output>
        </test-method> <!-- initialize -->
        <test-method signature="basePageNavigation()[pri:0, instance:Academy.validateNavigationBar@709ba3fb]" started-at="2020-04-24T10:13:01 SGT" name="basePageNavigation" finished-at="2020-04-24T10:13:01 SGT" duration-ms="68" status="PASS">
          <reporter-output>
          </reporter-output>
        </test-method> <!-- basePageNavigation -->
        <test-method is-config="true" signature="tearDown()[pri:0, instance:Academy.validateNavigationBar@709ba3fb]" started-at="2020-04-24T10:13:19 SGT" name="tearDown" finished-at="2020-04-24T10:13:20 SGT" duration-ms="83" status="PASS">
          <reporter-output>
          </reporter-output>
        </test-method> <!-- tearDown -->
      </class> <!-- Academy.validateNavigationBar -->
    </test> <!-- Test -->
  </suite> <!-- Suite -->
</testng-results>
