<?xml version="1.0" encoding="UTF-8"?>
<testsuite xmlns:xsi="http://www.w3.org/2001/XMLSchema-instance" xsi:noNamespaceSchemaLocation="https://maven.apache.org/surefire/maven-surefire-plugin/xsd/surefire-test-report-3.0.xsd" version="3.0" name="TestSuite" time="45.426" tests="4" errors="0" skipped="0" failures="1">
  <properties>
[...]
</properties>
  <testcase name="basePageNavigation" classname="Academy.validateNavigationBar" time="0.084">
    <failure message="expected [false] but found [true]" type="java.lang.AssertionError"><![CDATA[java.lang.AssertionError: expected [false] but found [true]
	at Academy.validateNavigationBar.basePageNavigation(validateNavigationBar.java:28)
]]></failure>
    <system-out><![CDATA[0 [main] DEBUG io.github.bonigarcia.wdm.Preferences  - Preference chrome=81 (valid until 2020-04-26 12:28:43)
2 [main] DEBUG io.github.bonigarcia.wdm.Preferences  - Preference chrome81=81.0.4044.69 (valid until 2020-04-26 12:28:43)
2 [main] INFO io.github.bonigarcia.wdm.WebDriverManager  - Using chromedriver 81.0.4044.69 (since Google Chrome 81 is installed in your machine)
12 [main] DEBUG io.github.bonigarcia.wdm.WebDriverManager  - Driver chromedriver 81.0.4044.69 found in cache
13 [main] INFO io.github.bonigarcia.wdm.WebDriverManager  - Exporting webdriver.chrome.driver as /Users/anupamadhir/.m2/repository/webdriver/chromedriver/mac64/81.0.4044.69/chromedriver
]]></system-out>
    <system-err><![CDATA[Starting ChromeDriver 81.0.4044.69 (6813546031a4bc83f717a2ef7cd4ac6ec1199132-refs/branch-heads/4044@{#776}) on port 48917
Only local connections are allowed.
Please protect ports used by ChromeDriver and related test frameworks to prevent access by malicious code.
Apr 26, 2020 9:35:54 AM org.openqa.selenium.remote.ProtocolHandshake createSession
INFO: Detected dialect: W3C
[1587864956.116][SEVERE]: Timed out receiving message from renderer: 0.100
[1587864956.219][SEVERE]: Timed out receiving message from renderer: 0.100
[1587864956.323][SEVERE]: Timed out receiving message from renderer: 0.100
[1587864956.426][SEVERE]: Timed out receiving message from renderer: 0.100
[1587864956.531][SEVERE]: Timed out receiving message from renderer: 0.100
[1587864956.635][SEVERE]: Timed out receiving message from renderer: 0.100
[1587864956.739][SEVERE]: Timed out receiving message from renderer: 0.100
[1587864956.843][SEVERE]: Timed out receiving message from renderer: 0.100
[1587864956.947][SEVERE]: Timed out receiving message from renderer: 0.100
[1587864957.050][SEVERE]: Timed out receiving message from renderer: 0.100
[1587864957.187][SEVERE]: Timed out receiving message from renderer: 0.100
[1587864957.291][SEVERE]: Timed out receiving message from renderer: 0.100
[1587864957.395][SEVERE]: Timed out receiving message from renderer: 0.100
[1587864957.498][SEVERE]: Timed out receiving message from renderer: 0.100
[1587864957.601][SEVERE]: Timed out receiving message from renderer: 0.100
[1587864957.704][SEVERE]: Timed out receiving message from renderer: 0.100
[1587864957.955][SEVERE]: Timed out receiving message from renderer: 0.100
[1587864958.059][SEVERE]: Timed out receiving message from renderer: 0.100
[1587864958.162][SEVERE]: Timed out receiving message from renderer: 0.100
[1587864958.265][SEVERE]: Timed out receiving message from renderer: 0.100
[1587864958.370][SEVERE]: Timed out receiving message from renderer: 0.100
[1587864958.475][SEVERE]: Timed out receiving message from renderer: 0.100
[1587864958.578][SEVERE]: Timed out receiving message from renderer: 0.100
[1587864958.681][SEVERE]: Timed out receiving message from renderer: 0.100
[1587864958.786][SEVERE]: Timed out receiving message from renderer: 0.100
[1587864958.890][SEVERE]: Timed out receiving message from renderer: 0.100
[1587864958.992][SEVERE]: Timed out receiving message from renderer: 0.100
[1587864959.095][SEVERE]: Timed out receiving message from renderer: 0.100
[1587864959.199][SEVERE]: Timed out receiving message from renderer: 0.100
[1587864959.302][SEVERE]: Timed out receiving message from renderer: 0.100
[1587864959.492][SEVERE]: Timed out receiving message from renderer: 0.100
[1587864959.597][SEVERE]: Timed out receiving message from renderer: 0.100
[1587864959.699][SEVERE]: Timed out receiving message from renderer: 0.100
[1587864959.803][SEVERE]: Timed out receiving message from renderer: 0.100
[1587864959.906][SEVERE]: Timed out receiving message from renderer: 0.100
[1587864960.025][SEVERE]: Timed out receiving message from renderer: 0.100
[1587864960.127][SEVERE]: Timed out receiving message from renderer: 0.100
[1587864960.230][SEVERE]: Timed out receiving message from renderer: 0.100
[1587864960.353][SEVERE]: Timed out receiving message from renderer: 0.100
[1587864960.456][SEVERE]: Timed out receiving message from renderer: 0.100
[1587864960.559][SEVERE]: Timed out receiving message from renderer: 0.100
[1587864960.667][SEVERE]: Timed out receiving message from renderer: 0.100
[1587864960.770][SEVERE]: Timed out receiving message from renderer: 0.100
[1587864960.874][SEVERE]: Timed out receiving message from renderer: 0.100
[1587864960.977][SEVERE]: Timed out receiving message from renderer: 0.100
[1587864961.079][SEVERE]: Timed out receiving message from renderer: 0.100
[1587864961.182][SEVERE]: Timed out receiving message from renderer: 0.100
[1587864961.286][SEVERE]: Timed out receiving message from renderer: 0.100
[1587864961.388][SEVERE]: Timed out receiving message from renderer: 0.100
[1587864961.491][SEVERE]: Timed out receiving message from renderer: 0.100
[1587864961.593][SEVERE]: Timed out receiving message from renderer: 0.100
[1587864961.696][SEVERE]: Timed out receiving message from renderer: 0.100
[1587864961.798][SEVERE]: Timed out receiving message from renderer: 0.100
[1587864961.902][SEVERE]: Timed out receiving message from renderer: 0.100
[1587864962.004][SEVERE]: Timed out receiving message from renderer: 0.100
[1587864962.106][SEVERE]: Timed out receiving message from renderer: 0.100
[1587864962.208][SEVERE]: Timed out receiving message from renderer: 0.100
[1587864962.310][SEVERE]: Timed out receiving message from renderer: 0.100
]]></system-err>
  </testcase>
  <testcase name="basePageNavigation" classname="Academy.HomePage" time="16.384"/>
  <testcase name="basePageNavigation" classname="Academy.HomePage" time="7.184"/>
  <testcase name="basePageNavigation" classname="Academy.validateTitle" time="0.032"/>
</testsuite>