<?xml version="1.0" encoding="UTF-8"?>
<testng-results skipped="0" failed="0" ignored="0" total="4" passed="4">
  <reporter-output>
  </reporter-output>
  <suite name="Suite" duration-ms="53253" started-at="2020-04-27T08:38:12 SGT" finished-at="2020-04-27T08:39:05 SGT">
    <groups>
    </groups>
    <test name="Validating navigation bar" duration-ms="13181" started-at="2020-04-27T08:38:12 SGT" finished-at="2020-04-27T08:38:25 SGT">
      <class name="Academy.validateNavigationBar">
        <test-method status="PASS" signature="initialize()[pri:0, instance:Academy.validateNavigationBar@20d525]" name="initialize" is-config="true" duration-ms="12988" started-at="2020-04-27T08:38:12 SGT" finished-at="2020-04-27T08:38:25 SGT">
          <reporter-output>
          </reporter-output>
        </test-method> <!-- initialize -->
        <test-method status="PASS" signature="validateAppNavBar()[pri:0, instance:Academy.validateNavigationBar@20d525]" name="validateAppNavBar" duration-ms="80" started-at="2020-04-27T08:38:25 SGT" finished-at="2020-04-27T08:38:25 SGT">
          <reporter-output>
          </reporter-output>
        </test-method> <!-- validateAppNavBar -->
        <test-method status="PASS" signature="tearDown()[pri:0, instance:Academy.validateNavigationBar@20d525]" name="tearDown" is-config="true" duration-ms="85" started-at="2020-04-27T08:38:25 SGT" finished-at="2020-04-27T08:38:25 SGT">
          <reporter-output>
          </reporter-output>
        </test-method> <!-- tearDown -->
      </class> <!-- Academy.validateNavigationBar -->
    </test> <!-- Validating navigation bar -->
    <test name="Validating user login" duration-ms="29233" started-at="2020-04-27T08:38:25 SGT" finished-at="2020-04-27T08:38:54 SGT">
      <class name="Academy.HomePage">
        <test-method status="PASS" signature="initialize()[pri:0, instance:Academy.HomePage@385e9564]" name="initialize" is-config="true" duration-ms="993" started-at="2020-04-27T08:38:25 SGT" finished-at="2020-04-27T08:38:26 SGT">
          <reporter-output>
          </reporter-output>
        </test-method> <!-- initialize -->
        <test-method status="PASS" signature="basePageNavigation(java.lang.String, java.lang.String)[pri:0, instance:Academy.HomePage@385e9564]" name="basePageNavigation" duration-ms="20396" started-at="2020-04-27T08:38:26 SGT" data-provider="getData" finished-at="2020-04-27T08:38:46 SGT">
          <params>
            <param index="0">
              <value>
                <![CDATA[nonrestricteduser@qw.com]]>
              </value>
            </param>
            <param index="1">
              <value>
                <![CDATA[123456]]>
              </value>
            </param>
          </params>
          <reporter-output>
          </reporter-output>
        </test-method> <!-- basePageNavigation -->
        <test-method status="PASS" signature="basePageNavigation(java.lang.String, java.lang.String)[pri:0, instance:Academy.HomePage@385e9564]" name="basePageNavigation" duration-ms="7738" started-at="2020-04-27T08:38:46 SGT" data-provider="getData" finished-at="2020-04-27T08:38:54 SGT">
          <params>
            <param index="0">
              <value>
                <![CDATA[restricteduser@qw.com]]>
              </value>
            </param>
            <param index="1">
              <value>
                <![CDATA[456788]]>
              </value>
            </param>
          </params>
          <reporter-output>
          </reporter-output>
        </test-method> <!-- basePageNavigation -->
        <test-method status="PASS" signature="tearDown()[pri:0, instance:Academy.HomePage@385e9564]" name="tearDown" is-config="true" duration-ms="101" started-at="2020-04-27T08:38:54 SGT" finished-at="2020-04-27T08:38:54 SGT">
          <reporter-output>
          </reporter-output>
        </test-method> <!-- tearDown -->
      </class> <!-- Academy.HomePage -->
    </test> <!-- Validating user login -->
    <test name="Validating title in the page" duration-ms="10804" started-at="2020-04-27T08:38:54 SGT" finished-at="2020-04-27T08:39:05 SGT">
      <class name="Academy.validateTitle">
        <test-method status="PASS" signature="initialize()[pri:0, instance:Academy.validateTitle@1e178745]" name="initialize" is-config="true" duration-ms="10688" started-at="2020-04-27T08:38:54 SGT" finished-at="2020-04-27T08:39:05 SGT">
          <reporter-output>
          </reporter-output>
        </test-method> <!-- initialize -->
        <test-method status="PASS" signature="validateAppTitle()[pri:0, instance:Academy.validateTitle@1e178745]" name="validateAppTitle" duration-ms="31" started-at="2020-04-27T08:39:05 SGT" finished-at="2020-04-27T08:39:05 SGT">
          <reporter-output>
          </reporter-output>
        </test-method> <!-- validateAppTitle -->
        <test-method status="PASS" signature="tearDown()[pri:0, instance:Academy.validateTitle@1e178745]" name="tearDown" is-config="true" duration-ms="84" started-at="2020-04-27T08:39:05 SGT" finished-at="2020-04-27T08:39:05 SGT">
          <reporter-output>
          </reporter-output>
        </test-method> <!-- tearDown -->
      </class> <!-- Academy.validateTitle -->
    </test> <!-- Validating title in the page -->
  </suite> <!-- Suite -->
</testng-results>
